# JRE version: Java(TM) SE Runtime Environment (18.0.2+9) (build 18.0.2+9-61)
# Java VM: Java HotSpot(TM) 64-Bit Server VM (18.0.2+9-61, mixed mode, sharing, tiered, compressed oops, compressed class ptrs, g1 gc, windows-amd64)
GC Precious Log:
 CardTable entry size: 512
 Card Set container configuration: InlinePtr #cards 5 size 8 Array Of Cards #cards 12 size 40 Howl #buckets 4 coarsen threshold 1843 Howl Bitmap #cards 512 size 80 coarsen threshold 460 Card regions per heap region 1 cards per card region 2048
 CPUs: 12 total, 12 available
 Memory: 7880M
 Large Page Support: Disabled
 NUMA Support: Disabled
 Compressed Oops: Enabled (32-bit)
 Heap Region Size: 1M
 Heap Min Capacity: 8M
 Heap Initial Capacity: 124M
 Heap Max Capacity: 1972M
 Pre-touch: Disabled
 Parallel Workers: 10
 Concurrent Workers: 3
 Concurrent Refinement Workers: 10
 Periodic GC: Disabled
Heap:
 garbage-first heap   total 129024K, used 57469K [0x0000000084c00000, 0x0000000100000000)
  region size 1024K, 1 young (1024K), 1 survivors (1024K)
 Metaspace       used 28263K, committed 28672K, reserved 1114112K
  class space    used 3117K, committed 3328K, reserved 1048576K
GC Heap History (17 events):
Event: 0.394 GC heap before
{Heap before GC invocations=0 (full 0):
 garbage-first heap   total 126976K, used 22528K [0x0000000084c00000, 0x0000000100000000)
  region size 1024K, 23 young (23552K), 0 survivors (0K)
 Metaspace       used 6653K, committed 6848K, reserved 1114112K
  class space    used 722K, committed 832K, reserved 1048576K
}
Event: 0.398 GC heap after
{Heap after GC invocations=1 (full 0):
 garbage-first heap   total 126976K, used 4094K [0x0000000084c00000, 0x0000000100000000)
  region size 1024K, 3 young (3072K), 3 survivors (3072K)
 Metaspace       used 6653K, committed 6848K, reserved 1114112K
  class space    used 722K, committed 832K, reserved 1048576K
}
Event: 0.720 GC heap before
{Heap before GC invocations=1 (full 0):
 garbage-first heap   total 126976K, used 34814K [0x0000000084c00000, 0x0000000100000000)
  region size 1024K, 33 young (33792K), 3 survivors (3072K)
 Metaspace       used 11426K, committed 11584K, reserved 1114112K
  class space    used 1328K, committed 1408K, reserved 1048576K
}
Event: 0.725 GC heap after
{Heap after GC invocations=2 (full 0):
 garbage-first heap   total 126976K, used 6007K [0x0000000084c00000, 0x0000000100000000)
  region size 1024K, 2 young (2048K), 2 survivors (2048K)
 Metaspace       used 11426K, committed 11584K, reserved 1114112K
  class space    used 1328K, committed 1408K, reserved 1048576K
}
Event: 1.230 GC heap before
{Heap before GC invocations=2 (full 0):
 garbage-first heap   total 126976K, used 79735K [0x0000000084c00000, 0x0000000100000000)
  region size 1024K, 74 young (75776K), 2 survivors (2048K)
 Metaspace       used 14909K, committed 15232K, reserved 1114112K
  class space    used 1612K, committed 1792K, reserved 1048576K
}
Event: 1.240 GC heap after
{Heap after GC invocations=3 (full 0):
 garbage-first heap   total 126976K, used 13175K [0x0000000084c00000, 0x0000000100000000)
  region size 1024K, 9 young (9216K), 9 survivors (9216K)
 Metaspace       used 14909K, committed 15232K, reserved 1114112K
  class space    used 1612K, committed 1792K, reserved 1048576K
}
Event: 1.663 GC heap before
{Heap before GC invocations=3 (full 0):
 garbage-first heap   total 126976K, used 94071K [0x0000000084c00000, 0x0000000100000000)
  region size 1024K, 52 young (53248K), 9 survivors (9216K)
 Metaspace       used 21182K, committed 21504K, reserved 1114112K
  class space    used 2350K, committed 2496K, reserved 1048576K
}
Event: 1.673 GC heap after
{Heap after GC invocations=4 (full 0):
 garbage-first heap   total 126976K, used 23252K [0x0000000084c00000, 0x0000000100000000)
  region size 1024K, 7 young (7168K), 7 survivors (7168K)
 Metaspace       used 21182K, committed 21504K, reserved 1114112K
  class space    used 2350K, committed 2496K, reserved 1048576K
}
Event: 2.116 GC heap before
{Heap before GC invocations=5 (full 0):
 garbage-first heap   total 86016K, used 68308K [0x0000000084c00000, 0x0000000100000000)
  region size 1024K, 50 young (51200K), 7 survivors (7168K)
 Metaspace       used 25410K, committed 25728K, reserved 1114112K
  class space    used 2809K, committed 2944K, reserved 1048576K
}
Event: 2.125 GC heap after
{Heap after GC invocations=6 (full 0):
 garbage-first heap   total 106496K, used 34004K [0x0000000084c00000, 0x0000000100000000)
  region size 1024K, 7 young (7168K), 7 survivors (7168K)
 Metaspace       used 25410K, committed 25728K, reserved 1114112K
  class space    used 2809K, committed 2944K, reserved 1048576K
}
Event: 2.138 GC heap before
{Heap before GC invocations=6 (full 0):
 garbage-first heap   total 106496K, used 35028K [0x0000000084c00000, 0x0000000100000000)
  region size 1024K, 8 young (8192K), 7 survivors (7168K)
 Metaspace       used 25466K, committed 25792K, reserved 1114112K
  class space    used 2815K, committed 2944K, reserved 1048576K
}
Event: 2.141 GC heap after
{Heap after GC invocations=7 (full 0):
 garbage-first heap   total 106496K, used 35328K [0x0000000084c00000, 0x0000000100000000)
  region size 1024K, 1 young (1024K), 1 survivors (1024K)
 Metaspace       used 25466K, committed 25792K, reserved 1114112K
  class space    used 2815K, committed 2944K, reserved 1048576K
}
Event: 2.506 GC heap before
{Heap before GC invocations=7 (full 0):
 garbage-first heap   total 106496K, used 78336K [0x0000000084c00000, 0x0000000100000000)
  region size 1024K, 39 young (39936K), 1 survivors (1024K)
 Metaspace       used 26978K, committed 27392K, reserved 1114112K
  class space    used 2978K, committed 3200K, reserved 1048576K
}
Event: 2.512 GC heap after
{Heap after GC invocations=8 (full 0):
 garbage-first heap   total 106496K, used 47808K [0x0000000084c00000, 0x0000000100000000)
  region size 1024K, 5 young (5120K), 5 survivors (5120K)
 Metaspace       used 26978K, committed 27392K, reserved 1114112K
  class space    used 2978K, committed 3200K, reserved 1048576K
}
Event: 2.689 GC heap before
{Heap before GC invocations=8 (full 0):
 garbage-first heap   total 106496K, used 75456K [0x0000000084c00000, 0x0000000100000000)
  region size 1024K, 32 young (32768K), 5 survivors (5120K)
 Metaspace       used 27134K, committed 27584K, reserved 1114112K
  class space    used 2988K, committed 3200K, reserved 1048576K
}
Event: 2.695 GC heap after
{Heap after GC invocations=9 (full 0):
 garbage-first heap   total 106496K, used 56320K [0x0000000084c00000, 0x0000000100000000)
  region size 1024K, 4 young (4096K), 4 survivors (4096K)
 Metaspace       used 27134K, committed 27584K, reserved 1114112K
  class space    used 2988K, committed 3200K, reserved 1048576K
}
Event: 2.945 GC heap before
{Heap before GC invocations=9 (full 0):
 garbage-first heap   total 106496K, used 76800K [0x0000000084c00000, 0x0000000100000000)
  region size 1024K, 25 young (25600K), 4 survivors (4096K)
 Metaspace       used 28263K, committed 28672K, reserved 1114112K
  class space    used 3117K, committed 3328K, reserved 1048576K
}

